#
# There is insufficient memory for the Java Runtime Environment to continue.
# Native memory allocation (mmap) failed to map 67108864 bytes for G1 virtual space
# Possible reasons:
#   The system is out of physical RAM or swap space
#   The process is running with CompressedOops enabled, and the Java Heap may be blocking the growth of the native heap
# Possible solutions:
#   Reduce memory load on the system
#   Increase physical memory or swap space
#   Check if swap backing store is full
#   Decrease Java heap size (-Xmx/-Xms)
#   Decrease number of Java threads
#   Decrease Java thread stack sizes (-Xss)
#   Set larger code cache with -XX:ReservedCodeCacheSize=
#   JVM is running with Unscaled Compressed Oops mode in which the Java heap is
#     placed in the first 4GB address space. The Java Heap base address is the
#     maximum limit for the native heap growth. Please use -XX:HeapBaseMinAddress
#     to set the Java Heap base and to place the Java Heap above 4GB virtual address.
# This output file may be truncated or incomplete.
#
#  Out of Memory Error (os_windows.cpp:3528), pid=18900, tid=19196
#
# JRE version:  (20.0.2+9) (build )
# Java VM: Java HotSpot(TM) 64-Bit Server VM (20.0.2+9-78, mixed mode, sharing, tiered, compressed oops, compressed class ptrs, g1 gc, windows-amd64)
# No core dump will be written. Minidumps are not enabled by default on client versions of Windows
#

---------------  S U M M A R Y ------------

Command Line: -Dfile.encoding=UTF-8 -agentlib:jdwp=transport=dt_shmem,address=javadebug7511 --module-path=C:\Users\abdul\Documents\NetBeansProjects\Oop\build\classes oop.Main

Host: Intel(R) Core(TM) i5-3317U CPU @ 1.70GHz, 4 cores, 3G,  Windows 10 , 64 bit Build 19041 (10.0.19041.3155)
Time: Fri Aug 11 02:44:50 2023 Bangladesh Standard Time elapsed time: 4.241843 seconds (0d 0h 0m 4s)

---------------  T H R E A D  ---------------

Current thread (0x0000017b096991d0):  JavaThread "Unknown thread" [_thread_in_vm, id=19196, stack(0x00000014f9d00000,0x00000014f9e00000)]

Stack: [0x00000014f9d00000,0x00000014f9e00000]
Native frames: (J=compiled Java code, j=interpreted, Vv=VM code, C=native code)
V  [jvm.dll+0x6bc25a]
V  [jvm.dll+0x84971a]
V  [jvm.dll+0x84b315]
V  [jvm.dll+0x84ba13]
V  [jvm.dll+0x280e4f]
V  [jvm.dll+0x6b8fe9]
V  [jvm.dll+0x6adbca]
V  [jvm.dll+0x35b165]
V  [jvm.dll+0x363386]
V  [jvm.dll+0x3b400e]
V  [jvm.dll+0x3b4295]
V  [jvm.dll+0x32b86a]
V  [jvm.dll+0x32c68b]
V  [jvm.dll+0x8123df]
V  [jvm.dll+0x3c1261]
V  [jvm.dll+0x7fe103]
V  [jvm.dll+0x44ccaf]
V  [jvm.dll+0x44e621]
C  [jli.dll+0x5287]
C  [ucrtbase.dll+0x21bb2]
C  [KERNEL32.DLL+0x17614]
C  [ntdll.dll+0x526b1]


---------------  P R O C E S S  ---------------

Threads class SMR info:
_java_thread_list=0x00007ff8953ab118, length=0, elements={
}

Java Threads: ( => current thread )

Other Threads:
  0x0000017b096d88d0 WorkerThread "GC Thread#0" [stack: 0x00000014f9e00000,0x00000014f9f00000] [id=19204]
  0x0000017b096e2470 ConcurrentGCThread "G1 Main Marker" [stack: 0x00000014f9f00000,0x00000014fa000000] [id=19208]
  0x0000017b096e4050 WorkerThread "G1 Conc#0" [stack: 0x00000014fa000000,0x00000014fa100000] [id=19212]

[error occurred during error reporting (printing all threads), id 0xc0000005, EXCEPTION_ACCESS_VIOLATION (0xc0000005) at pc=0x00007ff894b8eea7]
VM state: not at safepoint (not fully initialized)

VM Mutex/Monitor currently owned by a thread:  ([mutex/lock_event])
[0x0000017b096953c0] Heap_lock - owner thread: 0x0000017b096991d0

Heap address: 0x00000000c1c00000, size: 996 MB, Compressed Oops mode: 32-bit

CDS archive(s) mapped at: [0x0000000000000000-0x0000000000000000-0x0000000000000000), size 0, SharedBaseAddress: 0x0000000800000000, ArchiveRelocationMode: 1.
Narrow klass base: 0x0000000000000000, Narrow klass shift: 0, Narrow klass range: 0x0

GC Precious Log:
 CardTable entry size: 512
 Card Set container configuration: InlinePtr #cards 5 size 8 Array Of Cards #cards 12 size 40 Howl #buckets 4 coarsen threshold 1843 Howl Bitmap #cards 512 size 80 coarsen threshold 460 Card regions per heap region 1 cards per card region 2048

Heap:
 garbage-first heap   total 0K, used 0K [0x00000000c1c00000, 0x0000000100000000)
  region size 1024K, 0 young (0K), 0 survivors (0K)

[error occurred during error reporting (printing heap information), id 0xc0000005, EXCEPTION_ACCESS_VIOLATION (0xc0000005) at pc=0x00007ff894f647b9]
GC Heap History (0 events):
No events

Dll operation events (1 events):
Event: 0.044 Loaded shared library C:\Program Files\Java\jdk-20\bin\java.dll

Deoptimization events (0 events):
No events

Classes loaded (0 events):
No events

Classes unloaded (0 events):
No events

Classes redefined (0 events):
No events

Internal exceptions (0 events):
No events

VM Operations (0 events):
No events

Events (0 events):
No events


Dynamic libraries:
0x00007ff7d79b0000 - 0x00007ff7d79c0000 	C:\Program Files\Java\jdk-20\bin\java.exe
0x00007ff8dc0b0000 - 0x00007ff8dc2a8000 	C:\WINDOWS\SYSTEM32\ntdll.dll
0x00007ff8dbd70000 - 0x00007ff8dbe2f000 	C:\WINDOWS\System32\KERNEL32.DLL
0x00007ff8d9d70000 - 0x00007ff8da066000 	C:\WINDOWS\System32\KERNELBASE.dll
0x00007ff8d97c0000 - 0x00007ff8d98c0000 	C:\WINDOWS\System32\ucrtbase.dll
0x00007ff8d1710000 - 0x00007ff8d172b000 	C:\Program Files\Java\jdk-20\bin\VCRUNTIME140.dll
0x00007ff8cce20000 - 0x00007ff8cce39000 	C:\Program Files\Java\jdk-20\bin\jli.dll
0x00007ff8da240000 - 0x00007ff8da2ef000 	C:\WINDOWS\System32\ADVAPI32.dll
0x00007ff8dbc40000 - 0x00007ff8dbcde000 	C:\WINDOWS\System32\msvcrt.dll
0x00007ff8da110000 - 0x00007ff8da1ac000 	C:\WINDOWS\System32\sechost.dll
0x00007ff8dba40000 - 0x00007ff8dbb66000 	C:\WINDOWS\System32\RPCRT4.dll
0x00007ff8dad90000 - 0x00007ff8daf2d000 	C:\WINDOWS\System32\USER32.dll
0x00007ff8cdb30000 - 0x00007ff8cddca000 	C:\WINDOWS\WinSxS\amd64_microsoft.windows.common-controls_6595b64144ccf1df_6.0.19041.1110_none_60b5254171f9507e\COMCTL32.dll
0x00007ff8d9a20000 - 0x00007ff8d9a42000 	C:\WINDOWS\System32\win32u.dll
0x00007ff8da1b0000 - 0x00007ff8da1dc000 	C:\WINDOWS\System32\GDI32.dll
0x00007ff8d9a50000 - 0x00007ff8d9b65000 	C:\WINDOWS\System32\gdi32full.dll
0x00007ff8da070000 - 0x00007ff8da10d000 	C:\WINDOWS\System32\msvcp_win.dll
0x00007ff8ceaf0000 - 0x00007ff8ceafa000 	C:\WINDOWS\SYSTEM32\VERSION.dll
0x00007ff8db950000 - 0x00007ff8db980000 	C:\WINDOWS\System32\IMM32.DLL
0x00007ff8d1610000 - 0x00007ff8d161c000 	C:\Program Files\Java\jdk-20\bin\vcruntime140_1.dll
0x00007ff8c5ae0000 - 0x00007ff8c5b6e000 	C:\Program Files\Java\jdk-20\bin\msvcp140.dll
0x00007ff894850000 - 0x00007ff8954e8000 	C:\Program Files\Java\jdk-20\bin\server\jvm.dll
0x00007ff8d2930000 - 0x00007ff8d2939000 	C:\WINDOWS\SYSTEM32\WSOCK32.dll
0x00007ff8ce5b0000 - 0x00007ff8ce5d7000 	C:\WINDOWS\SYSTEM32\WINMM.dll
0x00007ff8db190000 - 0x00007ff8db1fb000 	C:\WINDOWS\System32\WS2_32.dll
0x00007ff8d7640000 - 0x00007ff8d7652000 	C:\WINDOWS\SYSTEM32\kernel.appcore.dll
0x00007ff8d1600000 - 0x00007ff8d160a000 	C:\Program Files\Java\jdk-20\bin\jimage.dll
0x00007ff8c8fd0000 - 0x00007ff8c91b4000 	C:\WINDOWS\SYSTEM32\DBGHELP.DLL
0x00007ff8c8f90000 - 0x00007ff8c8fc4000 	C:\WINDOWS\SYSTEM32\dbgcore.DLL
0x00007ff8d9b70000 - 0x00007ff8d9bf2000 	C:\WINDOWS\System32\bcryptPrimitives.dll
0x00007ff8cbac0000 - 0x00007ff8cbafc000 	C:\Program Files\Java\jdk-20\bin\jdwp.dll
0x00007ff8cc8d0000 - 0x00007ff8cc8f6000 	C:\Program Files\Java\jdk-20\bin\java.dll

dbghelp: loaded successfully - version: 4.0.5 - missing functions: none
symbol engine: initialized successfully - sym options: 0x614 - pdb path: .;C:\Program Files\Java\jdk-20\bin;C:\WINDOWS\SYSTEM32;C:\WINDOWS\WinSxS\amd64_microsoft.windows.common-controls_6595b64144ccf1df_6.0.19041.1110_none_60b5254171f9507e;C:\Program Files\Java\jdk-20\bin\server

VM Arguments:
jvm_args: -Dfile.encoding=UTF-8 -agentlib:jdwp=transport=dt_shmem,address=javadebug7511 --module-path=C:\Users\abdul\Documents\NetBeansProjects\Oop\build\classes 
java_command: oop.Main
java_class_path (initial): C:\Users\abdul\Documents\NetBeansProjects\Oop\build\classes
Launcher Type: SUN_STANDARD

[Global flags]
     intx CICompilerCount                          = 3                                         {product} {ergonomic}
     uint ConcGCThreads                            = 1                                         {product} {ergonomic}
     uint G1ConcRefinementThreads                  = 4                                         {product} {ergonomic}
   size_t G1HeapRegionSize                         = 1048576                                   {product} {ergonomic}
    uintx GCDrainStackTargetSize                   = 64                                        {product} {ergonomic}
   size_t InitialHeapSize                          = 67108864                                  {product} {ergonomic}
   size_t MarkStackSize                            = 4194304                                   {product} {ergonomic}
   size_t MaxHeapSize                              = 1044381696                                {product} {ergonomic}
   size_t MinHeapDeltaBytes                        = 1048576                                   {product} {ergonomic}
   size_t MinHeapSize                              = 8388608                                   {product} {ergonomic}
    uintx NonNMethodCodeHeapSize                   = 5832780                                {pd product} {ergonomic}
    uintx NonProfiledCodeHeapSize                  = 122912730                              {pd product} {ergonomic}
    uintx ProfiledCodeHeapSize                     = 122912730                              {pd product} {ergonomic}
    uintx ReservedCodeCacheSize                    = 251658240                              {pd product} {ergonomic}
     bool SegmentedCodeCache                       = true                                      {product} {ergonomic}
   size_t SoftMaxHeapSize                          = 1044381696                             {manageable} {ergonomic}
     bool UseCompressedClassPointers               = true                           {product lp64_product} {ergonomic}
     bool UseCompressedOops                        = true                           {product lp64_product} {ergonomic}
     bool UseG1GC                                  = true                                      {product} {ergonomic}
     bool UseLargePagesIndividualAllocation        = false                                  {pd product} {ergonomic}

Logging:
Log output configuration:
 #0: stdout all=warning uptime,level,tags foldmultilines=false
 #1: stderr all=off uptime,level,tags foldmultilines=false

Environment Variables:
JAVA_HOME=C:\Program Files\Java\jdk-20
PATH=C:\Program Files\Common Files\Oracle\Java\javapath;C:\WINDOWS\system32;C:\WINDOWS;C:\WINDOWS\System32\Wbem;C:\WINDOWS\System32\WindowsPowerShell\v1.0\;C:\WINDOWS\System32\OpenSSH\;D:\Git\cmd;C:\Program Files\Java\jdk-20\bin;C:\Users\abdul\AppData\Local\Microsoft\WindowsApps;C:\Program Files\CodeBlocks\MinGW\bin;C:\Users\abdul\AppData\Local\Programs\Microsoft VS Code\bin
USERNAME=abdul
OS=Windows_NT
PROCESSOR_IDENTIFIER=Intel64 Family 6 Model 58 Stepping 9, GenuineIntel
TMP=C:\Users\abdul\AppData\Local\Temp
TEMP=C:\Users\abdul\AppData\Local\Temp




---------------  S Y S T E M  ---------------

OS:
 Windows 10 , 64 bit Build 19041 (10.0.19041.3155)
OS uptime: 0 days 23:48 hours

CPU: total 4 (initial active 4) (2 cores per cpu, 2 threads per core) family 6 model 58 stepping 9 microcode 0x21, cx8, cmov, fxsr, ht, mmx, sse, sse2, sse3, ssse3, sse4.1, sse4.2, popcnt, tsc, tscinvbit, avx, aes, erms, clmul, vzeroupper, clflush, rdtscp, f16c

Memory: 4k page, system-wide physical 3983M (245M free)
TotalPageFile size 16271M (AvailPageFile size 15M)
current process WorkingSet (physical memory assigned to process): 10M, peak: 10M
current process commit charge ("private bytes"): 51M, peak: 115M

vm_info: Java HotSpot(TM) 64-Bit Server VM (20.0.2+9-78) for windows-amd64 JRE (20.0.2+9-78), built on 2023-06-14T10:08:48Z by "mach5one" with MS VC++ 17.1 (VS2022)

END.
